<?xml version="1.0" encoding="UTF-8"?>
<beans xmlns="http://www.springframework.org/schema/beans"
	xmlns:xsi="http://www.w3.org/2001/XMLSchema-instance" xmlns:tx="http://www.springframework.org/schema/tx"
	xmlns:context="http://www.springframework.org/schema/context"
	xmlns:aop="http://www.springframework.org/schema/aop"
	xsi:schemaLocation="http://www.springframework.org/schema/beans 
       http://www.springframework.org/schema/beans/spring-beans-3.0.xsd
       http://www.springframework.org/schema/tx 
       http://www.springframework.org/schema/tx/spring-tx-3.0.xsd
       http://www.springframework.org/schema/aop 
       http://www.springframework.org/schema/aop/spring-aop-3.0.xsd
       http://www.springframework.org/schema/context
       http://www.springframework.org/schema/context/spring-context-3.0.xsd">

	<context:annotation-config />
	<!--    <context:load-time-weaver/>-->
	<tx:annotation-driven transaction-manager="transactionManager" />

	<context:component-scan base-package="fi.arcusys.koku.common.service" />

	<bean id="dataSource"
		class="org.springframework.jdbc.datasource.DriverManagerDataSource">

		<property name="driverClassName">
			<value>org.hsqldb.jdbcDriver</value>
		</property>
		<property name="url">
			<value>jdbc:hsqldb:mem:mymemdb</value>
		</property>
		<property name="username">
			<value>sa</value>
		</property>
		<property name="password">
			<value></value>
		</property>
	</bean>

	<bean id="entityManagerFactory"
		class="org.springframework.orm.jpa.LocalContainerEntityManagerFactoryBean">
		<property name="persistenceUnitName" value="kokuDatabase" />
		<property name="dataSource" ref="dataSource" />
		<property name="jpaDialect">
			<bean class="org.springframework.orm.jpa.vendor.OpenJpaDialect" />
		</property>
		<property name="jpaVendorAdapter">
			<bean class="org.springframework.orm.jpa.vendor.OpenJpaVendorAdapter">
				<property name="showSql" value="true" />
				<property name="database" value="HSQL" />
				<property name="generateDdl" value="true" />
			</bean>
		</property>
		<property name="jpaProperties">
			<props>
				<prop key="openjpa.Log">DefaultLevel=WARN, Runtime=INFO, Tool=INFO, SQL=TRACE</prop>
<!--					<prop key="openjpa.Log">DefaultLevel=TRACE, Runtime=TRACE, Tool=TRACE, SQL=TRACE</prop>-->
                <prop key="openjpa.TransactionMode">local</prop>
			</props>
		</property>
	</bean>


	<bean id="transactionManager" class="org.springframework.orm.jpa.JpaTransactionManager">


		<property name="entityManagerFactory" ref="entityManagerFactory" />

	</bean>

	<aop:config>
		<aop:pointcut id="kvDaoMethods"
			expression="execution(* fi.arcusys.koku.common.service.impl.*DAOImpl.*(..))" />
		<aop:advisor advice-ref="txAdvice" pointcut-ref="kvDaoMethods" />
	</aop:config>

	<tx:advice id="txAdvice" transaction-manager="transactionManager">
		<tx:attributes>
			<tx:method name="create*" propagation="REQUIRED" />
			<tx:method name="delete*" propagation="REQUIRED" />
			<tx:method name="update*" propagation="REQUIRED" />
            <tx:method name="*OrCreate*" propagation="REQUIRED" />
			<tx:method name="*" propagation="SUPPORTS" read-only="true" />
		</tx:attributes>
	</tx:advice>

	<bean id="messageDao" class="fi.arcusys.koku.common.service.impl.MessageDAOImpl" />
	<bean id="messageFolderDao" class="fi.arcusys.koku.common.service.impl.MessageFolderDAOImpl" />
	<bean id="messageRefDao" class="fi.arcusys.koku.common.service.impl.MessageRefDAOImpl" />
	<bean id="requestDao" class="fi.arcusys.koku.common.service.impl.RequestDAOImpl" />
	<bean id="responseDao" class="fi.arcusys.koku.common.service.impl.ResponseDAOImpl" />
	<bean id="userDao" class="fi.arcusys.koku.common.service.impl.UserDAOImpl" />
    <bean id="appointmentDao" class="fi.arcusys.koku.common.service.impl.AppointmentDAOImpl" />
<!-- 	<bean id="messageServiceFacade" class="fi.arcusys.koku.common.service.impl.MessageServiceFacadeImpl" /> -->
<!--     <bean id="appointmentServiceFacade" class="fi.arcusys.koku.common.service.impl.AppointmentServiceFacadeImpl" /> -->

	<!--
		<bean id="commonTestUtil"
		class="fi.arcusys.koku.common.service.CommonTestUtil">
	-->
	<!--        <property name="userDao" ref="userDao"/>-->
	<!--    </bean>-->
</beans>