<?xml version="1.0" encoding="UTF-8"?>
<beans xmlns="http://www.springframework.org/schema/beans"
    xmlns:xsi="http://www.w3.org/2001/XMLSchema-instance" xmlns:tx="http://www.springframework.org/schema/tx"
    xmlns:context="http://www.springframework.org/schema/context"
    xmlns:aop="http://www.springframework.org/schema/aop"
    xsi:schemaLocation="http://www.springframework.org/schema/beans 
       http://www.springframework.org/schema/beans/spring-beans-3.0.xsd
       http://www.springframework.org/schema/tx 
       http://www.springframework.org/schema/tx/spring-tx-3.0.xsd
       http://www.springframework.org/schema/aop 
       http://www.springframework.org/schema/aop/spring-aop-3.0.xsd
       http://www.springframework.org/schema/context
       http://www.springframework.org/schema/context/spring-context-3.0.xsd">

    <context:annotation-config />
    <!--    <context:load-time-weaver/>-->
    <tx:annotation-driven transaction-manager="transactionManager" />

    <context:component-scan base-package="fi.arcusys.koku.common.service" />

    <bean id="dataSource"
        class="org.springframework.jdbc.datasource.DriverManagerDataSource">

        <property name="driverClassName">
            <value>org.hsqldb.jdbcDriver</value>
        </property>
        <property name="url">
            <value>jdbc:hsqldb:mem:mymemdb</value>
        </property>
        <property name="username">
            <value>sa</value>
        </property>
        <property name="password">
            <value></value>
        </property>
    </bean>

    <bean id="entityManagerFactory"
        class="org.springframework.orm.jpa.LocalContainerEntityManagerFactoryBean">
        <property name="persistenceUnitName" value="kokuDatabase" />
        <property name="dataSource" ref="dataSource" />
        <property name="jpaDialect">
            <bean class="org.springframework.orm.jpa.vendor.OpenJpaDialect" />
        </property>
        <property name="jpaVendorAdapter">
            <bean class="org.springframework.orm.jpa.vendor.OpenJpaVendorAdapter">
                <property name="showSql" value="true" />
                <property name="database" value="HSQL" />
                <property name="generateDdl" value="true" />
            </bean>
        </property>
        <property name="jpaProperties">
            <props>
                <prop key="openjpa.Log">DefaultLevel=WARN, Runtime=INFO, Tool=INFO, SQL=INFO</prop>
<!--                    <prop key="openjpa.Log">DefaultLevel=WARN, Runtime=TRACE, Tool=TRACE, SQL=TRACE</prop> -->
                <prop key="openjpa.TransactionMode">local</prop>
<!--                 <prop key="openjpa.DetachState">fgs</prop> -->
                
<!--                 <prop key="openjpa.DetachState">fetch-groups</prop> -->
            </props>
        </property>
    </bean>


    <bean id="transactionManager" class="org.springframework.orm.jpa.JpaTransactionManager">


        <property name="entityManagerFactory" ref="entityManagerFactory" />

    </bean>

    <aop:config>
        <aop:pointcut id="kvDaoMethods" expression="execution(* fi.arcusys.koku.common.service.impl.*DAOImpl.*(..))" />
<!--         <aop:pointcut id="testUtilMethods" expression="execution(* fi.arcusys.koku.common.service.CommonTestUtil.*(..))" /> -->
        <aop:advisor advice-ref="txAdvice" pointcut-ref="kvDaoMethods" />
<!--         <aop:advisor advice-ref="txAdvice" pointcut-ref="testUtilMethods" /> -->
    </aop:config>

    <tx:advice id="txAdvice" transaction-manager="transactionManager">
        <tx:attributes>
            <tx:method name="create*" propagation="REQUIRED" />
            <tx:method name="delete*" propagation="REQUIRED" />
            <tx:method name="update*" propagation="REQUIRED" />
            <tx:method name="store*" propagation="REQUIRED" />
            <tx:method name="getById" propagation="REQUIRED" />
            <tx:method name="*OrCreate*" propagation="REQUIRED" />
            <tx:method name="*" propagation="SUPPORTS" read-only="true" />
        </tx:attributes>
    </tx:advice>

    <bean id="messageRefDao" class="fi.arcusys.koku.common.service.MessageRefDAOTestImpl" />

    <bean id="messageDao" class="fi.arcusys.koku.common.service.impl.MessageDAOImpl" />
    <bean id="messageFolderDao" class="fi.arcusys.koku.common.service.impl.MessageFolderDAOImpl" />
    <bean id="requestDao" class="fi.arcusys.koku.common.service.impl.RequestDAOImpl" />
    <bean id="requestTemplateDao" class="fi.arcusys.koku.common.service.impl.RequestTemplateDAOImpl" />
    <bean id="responseDao" class="fi.arcusys.koku.common.service.impl.ResponseDAOImpl" />
    <bean id="targetPersonDao" class="fi.arcusys.koku.common.service.impl.TargetPersonDAOImpl" />
    <bean id="appointmentDao" class="fi.arcusys.koku.common.service.impl.AppointmentDAOImpl" />
    <bean id="consentTemplateDao" class="fi.arcusys.koku.common.service.impl.ConsentTemplateDAOImpl" />
    <bean id="consentDao" class="fi.arcusys.koku.common.service.impl.ConsentDAOImpl" />
    <bean id="consentReplyDao" class="fi.arcusys.koku.common.service.impl.ConsentReplyDAOImpl" />
    <bean id="informationRequestDao" class="fi.arcusys.koku.common.service.impl.InformationRequestDAOImpl" />
    <bean id="authorizationTemplateDao" class="fi.arcusys.koku.common.service.impl.AuthorizationTemplateDAOImpl" />
    <bean id="authorizationDao" class="fi.arcusys.koku.common.service.impl.AuthorizationDAOImpl" />
    <bean id="daycareRequestDao" class="fi.arcusys.koku.common.service.impl.DaycareRequestDAOImpl" />

    <bean id="logServiceDao" class="fi.arcusys.koku.common.external.LogServiceDAOImpl" />
    <bean id="groupsDao" class="fi.arcusys.koku.common.external.GroupsDAOImpl" />
    <bean id="rolesDao" class="fi.arcusys.koku.common.external.RolesDAOImpl" />
    <bean id="pyhServiceDao" class="fi.arcusys.koku.common.external.PyhServiceDAOImpl" />
    <bean id="ldapDao" class="fi.arcusys.koku.common.external.LdapDAOImpl" />
    <bean id="emailDao" class="fi.arcusys.koku.common.external.EmailServiceDAOImpl" />

    <!-- Test service implementations -->
    <bean id="userDao" class="fi.arcusys.koku.common.service.UserDAOTestImpl" />
    <bean id="usersAndGroupsService" class="fi.arcusys.koku.common.service.UsersAndGroupsTestImpl" />
    <bean id="customerServiceDao" class="fi.arcusys.koku.common.external.CustomerServiceDAOTestImpl" />
    <bean id="cacheDao" class="fi.arcusys.koku.common.external.CacheDAOTestImpl" />

</beans>