<?xml version="1.0" encoding="UTF-8"?>
<beans xmlns="http://www.springframework.org/schema/beans"
	xmlns:xsi="http://www.w3.org/2001/XMLSchema-instance" xmlns:tx="http://www.springframework.org/schema/tx"
	xmlns:context="http://www.springframework.org/schema/context"
	xmlns:aop="http://www.springframework.org/schema/aop"
	xsi:schemaLocation="http://www.springframework.org/schema/beans 
       http://www.springframework.org/schema/beans/spring-beans-3.0.xsd
       http://www.springframework.org/schema/tx 
       http://www.springframework.org/schema/tx/spring-tx-3.0.xsd
       http://www.springframework.org/schema/aop 
       http://www.springframework.org/schema/aop/spring-aop-3.0.xsd
       http://www.springframework.org/schema/context
       http://www.springframework.org/schema/context/spring-context-3.0.xsd">

    <import resource="classpath:test-common-context.xml"/>

	<bean id="messageServiceFacade" class="fi.arcusys.koku.kv.service.impl.MessageServiceFacadeImpl" />
    <aop:config>
        <aop:pointcut id="kvMessageMethods" expression="execution(* fi.arcusys.koku.kv.service.impl.MessageServiceFacadeImpl.get*(..)) || 
                                                         execution(* fi.arcusys.koku.kv.service.impl.MessageServiceFacadeImpl.archive*(..)) || 
                                                         execution(* fi.arcusys.koku.kv.service.impl.MessageServiceFacadeImpl.delete*(..)) || 
                                                         execution(* fi.arcusys.koku.kv.service.impl.MessageServiceFacadeImpl.setMessageStatus(..)) || 
                                                         execution(* fi.arcusys.koku.common.service.MessageRefDAOTestImpl.update*(..)) 
                                                         " /> 
        <aop:advisor advice-ref="txKvAdvice" pointcut-ref="kvMessageMethods" />
    </aop:config>

    <tx:advice id="txKvAdvice" transaction-manager="transactionManager">
        <tx:attributes>
            <tx:method name="*" propagation="REQUIRED"/>
        </tx:attributes>
    </tx:advice>


</beans>